# JRE version: OpenJDK Runtime Environment (21.0.5) (build 21.0.5+-12932927-b750.29)
# Java VM: OpenJDK 64-Bit Server VM (21.0.5+-12932927-b750.29, mixed mode, tiered, compressed oops, compressed class ptrs, g1 gc, windows-amd64)
GC Precious Log:
 CardTable entry size: 512
 Card Set container configuration: InlinePtr #cards 5 size 8 Array Of Cards #cards 12 size 40 Howl #buckets 4 coarsen threshold 1843 Howl Bitmap #cards 512 size 80 coarsen threshold 460 Card regions per heap region 1 cards per card region 2048
 CPUs: 16 total, 16 available
 Memory: 14173M
 Large Page Support: Disabled
 NUMA Support: Disabled
 Compressed Oops: Enabled (32-bit)
 Heap Region Size: 1M
 Heap Min Capacity: 8M
 Heap Initial Capacity: 222M
 Heap Max Capacity: 2G
 Pre-touch: Disabled
 Parallel Workers: 13
 Concurrent Workers: 3
 Concurrent Refinement Workers: 13
 Periodic GC: Disabled
Heap:
 garbage-first heap   total 357376K, used 340153K [0x0000000080000000, 0x0000000100000000)
  region size 1024K, 121 young (123904K), 13 survivors (13312K)
 Metaspace       used 170600K, committed 173312K, reserved 1245184K
  class space    used 22618K, committed 24000K, reserved 1048576K
GC Heap History (20 events):
Event: 19.376 GC heap before
{Heap before GC invocations=49 (full 0):
 garbage-first heap   total 258048K, used 235336K [0x0000000080000000, 0x0000000100000000)
  region size 1024K, 79 young (80896K), 8 survivors (8192K)
 Metaspace       used 119173K, committed 121536K, reserved 1179648K
  class space    used 15747K, committed 16960K, reserved 1048576K
}
Event: 19.383 GC heap after
{Heap after GC invocations=50 (full 0):
 garbage-first heap   total 258048K, used 168180K [0x0000000080000000, 0x0000000100000000)
  region size 1024K, 10 young (10240K), 10 survivors (10240K)
 Metaspace       used 119173K, committed 121536K, reserved 1179648K
  class space    used 15747K, committed 16960K, reserved 1048576K
}
Event: 19.763 GC heap before
{Heap before GC invocations=51 (full 0):
 garbage-first heap   total 281600K, used 230644K [0x0000000080000000, 0x0000000100000000)
  region size 1024K, 72 young (73728K), 10 survivors (10240K)
 Metaspace       used 119996K, committed 122304K, reserved 1179648K
  class space    used 15844K, committed 17024K, reserved 1048576K
}
Event: 19.770 GC heap after
{Heap after GC invocations=52 (full 0):
 garbage-first heap   total 281600K, used 171803K [0x0000000080000000, 0x0000000100000000)
  region size 1024K, 6 young (6144K), 6 survivors (6144K)
 Metaspace       used 119996K, committed 122304K, reserved 1179648K
  class space    used 15844K, committed 17024K, reserved 1048576K
}
Event: 23.126 GC heap before
{Heap before GC invocations=52 (full 0):
 garbage-first heap   total 281600K, used 258843K [0x0000000080000000, 0x0000000100000000)
  region size 1024K, 92 young (94208K), 6 survivors (6144K)
 Metaspace       used 130257K, committed 132672K, reserved 1179648K
  class space    used 17083K, committed 18304K, reserved 1048576K
}
Event: 23.136 GC heap after
{Heap after GC invocations=53 (full 0):
 garbage-first heap   total 281600K, used 178814K [0x0000000080000000, 0x0000000100000000)
  region size 1024K, 12 young (12288K), 12 survivors (12288K)
 Metaspace       used 130257K, committed 132672K, reserved 1179648K
  class space    used 17083K, committed 18304K, reserved 1048576K
}
Event: 28.036 GC heap before
{Heap before GC invocations=53 (full 0):
 garbage-first heap   total 281600K, used 252542K [0x0000000080000000, 0x0000000100000000)
  region size 1024K, 85 young (87040K), 12 survivors (12288K)
 Metaspace       used 134352K, committed 136704K, reserved 1179648K
  class space    used 17436K, committed 18624K, reserved 1048576K
}
Event: 28.046 GC heap after
{Heap after GC invocations=54 (full 0):
 garbage-first heap   total 281600K, used 181800K [0x0000000080000000, 0x0000000100000000)
  region size 1024K, 4 young (4096K), 4 survivors (4096K)
 Metaspace       used 134352K, committed 136704K, reserved 1179648K
  class space    used 17436K, committed 18624K, reserved 1048576K
}
Event: 29.119 GC heap before
{Heap before GC invocations=54 (full 0):
 garbage-first heap   total 281600K, used 260648K [0x0000000080000000, 0x0000000100000000)
  region size 1024K, 82 young (83968K), 4 survivors (4096K)
 Metaspace       used 137965K, committed 140416K, reserved 1179648K
  class space    used 17956K, committed 19200K, reserved 1048576K
}
Event: 29.128 GC heap after
{Heap after GC invocations=55 (full 0):
 garbage-first heap   total 281600K, used 189094K [0x0000000080000000, 0x0000000100000000)
  region size 1024K, 11 young (11264K), 11 survivors (11264K)
 Metaspace       used 137965K, committed 140416K, reserved 1179648K
  class space    used 17956K, committed 19200K, reserved 1048576K
}
Event: 29.548 GC heap before
{Heap before GC invocations=56 (full 0):
 garbage-first heap   total 316416K, used 252582K [0x0000000080000000, 0x0000000100000000)
  region size 1024K, 74 young (75776K), 11 survivors (11264K)
 Metaspace       used 138214K, committed 140608K, reserved 1179648K
  class space    used 17998K, committed 19200K, reserved 1048576K
}
Event: 29.568 GC heap after
{Heap after GC invocations=57 (full 0):
 garbage-first heap   total 316416K, used 194438K [0x0000000080000000, 0x0000000100000000)
  region size 1024K, 6 young (6144K), 6 survivors (6144K)
 Metaspace       used 138214K, committed 140608K, reserved 1179648K
  class space    used 17998K, committed 19200K, reserved 1048576K
}
Event: 30.771 GC heap before
{Heap before GC invocations=57 (full 0):
 garbage-first heap   total 316416K, used 294790K [0x0000000080000000, 0x0000000100000000)
  region size 1024K, 99 young (101376K), 6 survivors (6144K)
 Metaspace       used 145988K, committed 148544K, reserved 1179648K
  class space    used 19040K, committed 20352K, reserved 1048576K
}
Event: 30.786 GC heap after
{Heap after GC invocations=58 (full 0):
 garbage-first heap   total 316416K, used 210660K [0x0000000080000000, 0x0000000100000000)
  region size 1024K, 13 young (13312K), 13 survivors (13312K)
 Metaspace       used 145988K, committed 148544K, reserved 1179648K
  class space    used 19040K, committed 20352K, reserved 1048576K
}
Event: 31.674 GC heap before
{Heap before GC invocations=58 (full 0):
 garbage-first heap   total 316416K, used 285412K [0x0000000080000000, 0x0000000100000000)
  region size 1024K, 87 young (89088K), 13 survivors (13312K)
 Metaspace       used 148615K, committed 151168K, reserved 1179648K
  class space    used 19378K, committed 20672K, reserved 1048576K
}
Event: 31.688 GC heap after
{Heap after GC invocations=59 (full 0):
 garbage-first heap   total 316416K, used 210699K [0x0000000080000000, 0x0000000100000000)
  region size 1024K, 10 young (10240K), 10 survivors (10240K)
 Metaspace       used 148615K, committed 151168K, reserved 1179648K
  class space    used 19378K, committed 20672K, reserved 1048576K
}
Event: 32.638 GC heap before
{Heap before GC invocations=59 (full 0):
 garbage-first heap   total 316416K, used 288523K [0x0000000080000000, 0x0000000100000000)
  region size 1024K, 87 young (89088K), 10 survivors (10240K)
 Metaspace       used 156475K, committed 159040K, reserved 1245184K
  class space    used 20445K, committed 21760K, reserved 1048576K
}
Event: 32.650 GC heap after
{Heap after GC invocations=60 (full 0):
 garbage-first heap   total 316416K, used 212757K [0x0000000080000000, 0x0000000100000000)
  region size 1024K, 5 young (5120K), 5 survivors (5120K)
 Metaspace       used 156475K, committed 159040K, reserved 1245184K
  class space    used 20445K, committed 21760K, reserved 1048576K
}
Event: 33.835 GC heap before
{Heap before GC invocations=61 (full 0):
 garbage-first heap   total 357376K, used 290581K [0x0000000080000000, 0x0000000100000000)
  region size 1024K, 82 young (83968K), 5 survivors (5120K)
 Metaspace       used 165183K, committed 167808K, reserved 1245184K
  class space    used 21925K, committed 23232K, reserved 1048576K
}
Event: 33.842 GC heap after
{Heap after GC invocations=62 (full 0):
 garbage-first heap   total 357376K, used 216249K [0x0000000080000000, 0x0000000100000000)
  region size 1024K, 8 young (8192K), 8 survivors (8192K)
 Metaspace       used 165183K, committed 167808K, reserved 1245184K
  class space    used 21925K, committed 23232K, reserved 1048576K
}

